<?xml version="1.0" encoding="UTF-8"?>
<coverage generated="1680209717205" clover="3.2.0">
  <project timestamp="1680209717205" name="All files">
    <metrics statements="5" coveredstatements="1" conditionals="2" coveredconditionals="0" methods="3" coveredmethods="1" elements="10" coveredelements="2" complexity="0" loc="5" ncloc="5" packages="1" files="1" classes="1"/>
    <file name="addQueryParams.ts" path="C:\Users\m2005111\WebstormProjects\production-project\src\shared\lib\addQueryParams\addQueryParams.ts">
      <metrics statements="5" coveredstatements="1" conditionals="2" coveredconditionals="0" methods="3" coveredmethods="1"/>
      <line num="2" count="3" type="stmt"/>
      <line num="3" count="0" type="stmt"/>
      <line num="4" count="0" type="cond" truecount="0" falsecount="2"/>
      <line num="6" count="0" type="stmt"/>
      <line num="9" count="0" type="stmt"/>
    </file>
  </project>
</coverage>
